[2021-05-25T14:53:42.687] [DEBUG] cheese - login => username:admin,password:123456
[2021-05-25T14:53:42.688] [DEBUG] cheese - admin
[2021-05-25T14:53:42.703] [DEBUG] cheese - null
[2021-05-25T14:53:42.703] [DEBUG] cheese - null
[2021-07-28T20:57:39.089] [DEBUG] cheese - login => username:zs,password:123456
[2021-07-28T20:57:39.106] [DEBUG] cheese - zs
[2021-07-28T20:57:39.191] [DEBUG] cheese - null
[2021-07-28T20:57:39.195] [DEBUG] cheese - null
[2021-07-28T20:57:59.208] [DEBUG] cheese - login => username:admin,password:123456
[2021-07-28T20:57:59.209] [DEBUG] cheese - admin
[2021-07-28T20:57:59.235] [DEBUG] cheese - null
[2021-07-28T20:57:59.235] [DEBUG] cheese - null
[2021-07-29T19:14:34.402] [DEBUG] cheese - login => username:par,password:123456
[2021-07-29T19:14:34.412] [DEBUG] cheese - par
[2021-07-29T19:14:34.534] [DEBUG] cheese - null
[2021-07-29T19:14:34.535] [DEBUG] cheese - null
[2021-07-29T19:14:41.164] [DEBUG] cheese - login => username:admin,password:123456
[2021-07-29T19:14:41.164] [DEBUG] cheese - admin
[2021-07-29T19:14:41.171] [DEBUG] cheese - null
[2021-07-29T19:14:41.172] [DEBUG] cheese - null
[2021-07-30T20:28:21.906] [DEBUG] cheese - login => username:sss,password:ssssssss
[2021-07-30T20:28:21.909] [DEBUG] cheese - sss
[2021-07-30T20:28:21.963] [DEBUG] cheese - null
[2021-07-30T20:28:21.964] [DEBUG] cheese - null
[2021-07-30T20:28:29.855] [DEBUG] cheese - login => username:admin,password:123456
[2021-07-30T20:28:29.856] [DEBUG] cheese - admin
[2021-07-30T20:28:29.868] [DEBUG] cheese - null
[2021-07-30T20:28:29.868] [DEBUG] cheese - null
[2021-07-30T20:35:59.056] [DEBUG] cheese - login => username:wewew,password:wwwwww
[2021-07-30T20:35:59.057] [DEBUG] cheese - wewew
[2021-07-30T20:35:59.060] [DEBUG] cheese - null
[2021-07-30T20:35:59.061] [DEBUG] cheese - null
[2021-07-30T20:36:10.640] [DEBUG] cheese - login => username:admin,password:123456
[2021-07-30T20:36:10.640] [DEBUG] cheese - admin
[2021-07-30T20:36:10.643] [DEBUG] cheese - null
[2021-07-30T20:36:10.644] [DEBUG] cheese - null
[2021-07-30T20:38:58.373] [DEBUG] cheese - login => username:sss,password:ssssss
[2021-07-30T20:38:58.373] [DEBUG] cheese - sss
[2021-07-30T20:38:58.377] [DEBUG] cheese - null
[2021-07-30T20:38:58.378] [DEBUG] cheese - null
[2021-07-30T20:39:06.026] [DEBUG] cheese - login => username:admin,password:123456
[2021-07-30T20:39:06.026] [DEBUG] cheese - admin
[2021-07-30T20:39:06.030] [DEBUG] cheese - null
[2021-07-30T20:39:06.031] [DEBUG] cheese - null
[2021-07-30T20:46:52.395] [DEBUG] cheese - login => username:admin,password:123456
[2021-07-30T20:46:52.396] [DEBUG] cheese - admin
[2021-07-30T20:46:52.400] [DEBUG] cheese - null
[2021-07-30T20:46:52.400] [DEBUG] cheese - null
[2021-07-30T20:47:38.444] [DEBUG] cheese - login => username:admin,password:123456
[2021-07-30T20:47:38.444] [DEBUG] cheese - admin
[2021-07-30T20:47:38.447] [DEBUG] cheese - null
[2021-07-30T20:47:38.447] [DEBUG] cheese - null
[2021-07-30T20:48:58.484] [DEBUG] cheese - login => username:admin,password:123456
[2021-07-30T20:48:58.484] [DEBUG] cheese - admin
[2021-07-30T20:48:58.488] [DEBUG] cheese - null
[2021-07-30T20:48:58.489] [DEBUG] cheese - null
[2021-07-30T20:53:30.194] [DEBUG] cheese - login => username:admin,password:123456
[2021-07-30T20:53:30.194] [DEBUG] cheese - admin
[2021-07-30T20:53:30.197] [DEBUG] cheese - null
[2021-07-30T20:53:30.197] [DEBUG] cheese - null
[2021-07-30T20:54:58.933] [DEBUG] cheese - login => username:admin,password:123456
[2021-07-30T20:54:58.933] [DEBUG] cheese - admin
[2021-07-30T20:54:58.936] [DEBUG] cheese - null
[2021-07-30T20:54:58.936] [DEBUG] cheese - null
[2021-07-30T21:10:56.607] [DEBUG] cheese - login => username:admin,password:123456
[2021-07-30T21:10:56.607] [DEBUG] cheese - admin
[2021-07-30T21:10:56.610] [DEBUG] cheese - null
[2021-07-30T21:10:56.610] [DEBUG] cheese - null
[2021-07-31T14:31:29.534] [DEBUG] cheese - login => username:admin,password:123456
[2021-07-31T14:31:29.538] [DEBUG] cheese - admin
[2021-07-31T14:31:29.588] [DEBUG] cheese - null
[2021-07-31T14:31:29.589] [DEBUG] cheese - null
[2021-07-31T14:55:16.704] [DEBUG] cheese - login => username:admin,password:123456
[2021-07-31T14:55:16.704] [DEBUG] cheese - admin
[2021-07-31T14:55:16.722] [DEBUG] cheese - null
[2021-07-31T14:55:16.722] [DEBUG] cheese - null
[2021-07-31T19:01:35.749] [DEBUG] cheese - login => username:admin,password:123456
[2021-07-31T19:01:35.751] [DEBUG] cheese - admin
[2021-07-31T19:01:35.764] [DEBUG] cheese - null
[2021-07-31T19:01:35.764] [DEBUG] cheese - null
[2021-07-31T19:02:43.653] [DEBUG] cheese - login => username:admin,password:123456
[2021-07-31T19:02:43.654] [DEBUG] cheese - admin
[2021-07-31T19:02:43.657] [DEBUG] cheese - null
[2021-07-31T19:02:43.658] [DEBUG] cheese - null
[2021-07-31T19:03:34.701] [DEBUG] cheese - login => username:admin,password:123456
[2021-07-31T19:03:34.701] [DEBUG] cheese - admin
[2021-07-31T19:03:34.706] [DEBUG] cheese - null
[2021-07-31T19:03:34.707] [DEBUG] cheese - null
[2021-07-31T19:03:56.485] [DEBUG] cheese - login => username:admin,password:123456
[2021-07-31T19:03:56.485] [DEBUG] cheese - admin
[2021-07-31T19:03:56.488] [DEBUG] cheese - null
[2021-07-31T19:03:56.488] [DEBUG] cheese - null
[2021-08-01T11:46:11.078] [DEBUG] cheese - login => username:admin,password:123456
[2021-08-01T11:46:11.081] [DEBUG] cheese - admin
[2021-08-01T11:46:11.133] [DEBUG] cheese - null
[2021-08-01T11:46:11.133] [DEBUG] cheese - null
[2021-08-01T11:47:19.576] [DEBUG] cheese - login => username:admin,password:1234562
[2021-08-01T11:47:19.576] [DEBUG] cheese - admin
[2021-08-01T11:47:19.579] [DEBUG] cheese - null
[2021-08-01T11:47:19.579] [DEBUG] cheese - null
[2021-08-01T11:47:28.908] [DEBUG] cheese - login => username:admin,password:123456
[2021-08-01T11:47:28.909] [DEBUG] cheese - admin
[2021-08-01T11:47:28.911] [DEBUG] cheese - null
[2021-08-01T11:47:28.911] [DEBUG] cheese - null
[2021-08-01T11:58:43.286] [DEBUG] cheese - login => username:admin,password:123456
[2021-08-01T11:58:43.286] [DEBUG] cheese - admin
[2021-08-01T11:58:43.289] [DEBUG] cheese - null
[2021-08-01T11:58:43.289] [DEBUG] cheese - null
[2021-08-01T19:28:15.801] [DEBUG] cheese - login => username:admin,password:123456
[2021-08-01T19:28:15.802] [DEBUG] cheese - admin
[2021-08-01T19:28:15.806] [DEBUG] cheese - null
[2021-08-01T19:28:15.807] [DEBUG] cheese - null
[2021-08-02T09:39:29.434] [DEBUG] cheese - login => username:admin,password:123456
[2021-08-02T09:39:29.435] [DEBUG] cheese - admin
[2021-08-02T09:39:29.440] [DEBUG] cheese - null
[2021-08-02T09:39:29.440] [DEBUG] cheese - null
[2021-08-02T17:51:19.189] [DEBUG] cheese - login => username:admin,password:123456
[2021-08-02T17:51:19.191] [DEBUG] cheese - admin
[2021-08-02T17:51:19.257] [DEBUG] cheese - null
[2021-08-02T17:51:19.258] [DEBUG] cheese - null
[2021-08-02T20:02:28.899] [DEBUG] cheese - null
[2021-08-02T20:08:38.384] [DEBUG] cheese - null
[2021-08-02T20:14:01.300] [DEBUG] cheese - null
[2021-08-02T20:15:20.799] [DEBUG] cheese - null
[2021-08-02T20:16:15.497] [DEBUG] cheese - null
[2021-08-02T20:17:56.232] [DEBUG] cheese - null
[2021-08-02T20:17:59.675] [DEBUG] cheese - null
[2021-08-02T22:37:36.132] [DEBUG] cheese - login => username:admin,password:123456
[2021-08-02T22:37:36.133] [DEBUG] cheese - admin
[2021-08-02T22:37:36.148] [DEBUG] cheese - null
[2021-08-02T22:37:36.149] [DEBUG] cheese - null
[2021-08-02T22:38:26.302] [DEBUG] cheese - login => username:admin,password:123456
[2021-08-02T22:38:26.302] [DEBUG] cheese - admin
[2021-08-02T22:38:26.308] [DEBUG] cheese - null
[2021-08-02T22:38:26.308] [DEBUG] cheese - null
[2021-08-03T08:58:31.061] [DEBUG] cheese - null
[2021-08-03T09:18:56.067] [DEBUG] cheese - login => username:admin,password:123456
[2021-08-03T09:18:56.069] [DEBUG] cheese - admin
[2021-08-03T09:18:56.085] [DEBUG] cheese - null
[2021-08-03T09:18:56.086] [DEBUG] cheese - null
[2021-08-03T12:32:54.215] [DEBUG] cheese - login => username:admin,password:123456
[2021-08-03T12:32:54.216] [DEBUG] cheese - admin
[2021-08-03T12:32:54.227] [DEBUG] cheese - null
[2021-08-03T12:32:54.228] [DEBUG] cheese - null
[2021-08-03T12:42:55.794] [DEBUG] cheese - login => username:admin,password:123456
[2021-08-03T12:42:55.794] [DEBUG] cheese - admin
[2021-08-03T12:42:55.797] [DEBUG] cheese - null
[2021-08-03T12:42:55.798] [DEBUG] cheese - null
[2021-08-03T15:08:06.600] [DEBUG] cheese - login => username:admin,password:123456
[2021-08-03T15:08:06.600] [DEBUG] cheese - admin
[2021-08-03T15:08:06.602] [DEBUG] cheese - null
[2021-08-03T15:08:06.602] [DEBUG] cheese - null
[2021-08-03T15:52:05.168] [DEBUG] cheese - login => username:admin,password:123456
[2021-08-03T15:52:05.170] [DEBUG] cheese - admin
[2021-08-03T15:52:05.174] [DEBUG] cheese - null
[2021-08-03T15:52:05.175] [DEBUG] cheese - null
[2021-08-05T00:11:35.930] [DEBUG] cheese - login => username:admin,password:123456
[2021-08-05T00:11:35.932] [DEBUG] cheese - admin
[2021-08-05T00:11:35.968] [DEBUG] cheese - null
[2021-08-05T00:11:35.968] [DEBUG] cheese - null
[2021-08-05T10:05:07.106] [DEBUG] cheese - login => username:admin,password:123456
[2021-08-05T10:05:07.109] [DEBUG] cheese - admin
[2021-08-05T10:05:07.125] [DEBUG] cheese - null
[2021-08-05T10:05:07.125] [DEBUG] cheese - null
[2021-08-05T17:48:14.360] [DEBUG] cheese - login => username:admin,password:123456
[2021-08-05T17:48:14.365] [DEBUG] cheese - admin
[2021-08-05T17:48:14.382] [DEBUG] cheese - null
[2021-08-05T17:48:14.383] [DEBUG] cheese - null
[2021-08-05T20:39:43.195] [DEBUG] cheese - login => username:admin,password:123456
[2021-08-05T20:39:43.197] [DEBUG] cheese - admin
[2021-08-05T20:39:43.206] [DEBUG] cheese - null
[2021-08-05T20:39:43.207] [DEBUG] cheese - null
[2021-08-06T17:39:18.204] [DEBUG] cheese - login => username:admin,password:123456
[2021-08-06T17:39:18.207] [DEBUG] cheese - admin
[2021-08-06T17:39:18.237] [DEBUG] cheese - null
[2021-08-06T17:39:18.238] [DEBUG] cheese - null
[2021-08-06T23:37:36.079] [DEBUG] cheese - login => username:admin,password:123456
[2021-08-06T23:37:36.081] [DEBUG] cheese - admin
[2021-08-06T23:37:36.094] [DEBUG] cheese - null
[2021-08-06T23:37:36.095] [DEBUG] cheese - null
[2021-08-07T08:07:54.822] [DEBUG] cheese - login => username:admin,password:123456
[2021-08-07T08:07:54.824] [DEBUG] cheese - admin
[2021-08-07T08:07:54.840] [DEBUG] cheese - null
[2021-08-07T08:07:54.841] [DEBUG] cheese - null
[2021-08-07T17:58:49.543] [DEBUG] cheese - login => username:admin,password:123456
[2021-08-07T17:58:49.548] [DEBUG] cheese - admin
[2021-08-07T17:58:49.577] [DEBUG] cheese - null
[2021-08-07T17:58:49.579] [DEBUG] cheese - null
[2021-08-08T22:44:44.040] [DEBUG] cheese - login => username:admin,password:123456
[2021-08-08T22:44:44.046] [DEBUG] cheese - admin
[2021-08-08T22:44:44.094] [DEBUG] cheese - null
[2021-08-08T22:44:44.095] [DEBUG] cheese - null
[2021-08-09T19:57:06.206] [DEBUG] cheese - login => username:admin,password:123456
[2021-08-09T19:57:06.220] [DEBUG] cheese - admin
[2021-08-09T19:57:06.318] [DEBUG] cheese - null
[2021-08-09T19:57:06.319] [DEBUG] cheese - null
[2021-08-09T21:25:17.852] [DEBUG] cheese - login => username:admin,password:123456
[2021-08-09T21:25:17.854] [DEBUG] cheese - admin
[2021-08-09T21:25:17.861] [DEBUG] cheese - null
[2021-08-09T21:25:17.862] [DEBUG] cheese - null
[2021-08-09T22:26:10.155] [DEBUG] cheese - login => username:admin,password:123456
[2021-08-09T22:26:10.157] [DEBUG] cheese - admin
[2021-08-09T22:26:10.163] [DEBUG] cheese - null
[2021-08-09T22:26:10.164] [DEBUG] cheese - null
[2021-08-10T22:08:21.903] [DEBUG] cheese - login => username:admin,password:123456
[2021-08-10T22:08:21.907] [DEBUG] cheese - admin
[2021-08-10T22:08:21.949] [DEBUG] cheese - null
[2021-08-10T22:08:21.950] [DEBUG] cheese - null
[2021-08-11T17:04:57.081] [DEBUG] cheese - login => username:admin,password:123456
[2021-08-11T17:04:57.083] [DEBUG] cheese - admin
[2021-08-11T17:04:57.119] [DEBUG] cheese - null
[2021-08-11T17:04:57.120] [DEBUG] cheese - null
[2021-08-11T17:24:36.079] [DEBUG] cheese - null
[2021-08-11T17:24:48.347] [DEBUG] cheese - null
[2021-08-11T17:27:24.862] [DEBUG] cheese - null
[2021-08-11T17:27:33.026] [DEBUG] cheese - null
[2021-08-11T17:27:35.638] [DEBUG] cheese - null
[2021-08-11T17:30:08.432] [DEBUG] cheese - null
[2021-08-11T17:30:09.853] [DEBUG] cheese - null
[2021-08-11T17:30:21.923] [DEBUG] cheese - null
[2021-08-11T17:32:35.371] [DEBUG] cheese - null
[2021-08-11T17:32:47.546] [DEBUG] cheese - null
[2021-08-11T17:34:44.987] [DEBUG] cheese - null
[2021-08-11T17:35:24.871] [DEBUG] cheese - null
[2021-08-11T17:36:21.643] [DEBUG] cheese - null
[2021-08-11T17:39:09.307] [DEBUG] cheese - null
[2021-08-11T17:39:12.431] [DEBUG] cheese - null
[2021-08-11T17:40:55.936] [DEBUG] cheese - null
[2021-08-11T17:41:05.244] [DEBUG] cheese - null
[2021-08-11T17:41:41.488] [DEBUG] cheese - null
[2021-08-11T17:41:47.598] [DEBUG] cheese - login => username:admin,password:123456
[2021-08-11T17:41:47.598] [DEBUG] cheese - admin
[2021-08-11T17:41:47.601] [DEBUG] cheese - null
[2021-08-11T17:41:47.601] [DEBUG] cheese - null
[2021-08-11T17:42:08.948] [DEBUG] cheese - null
[2021-08-11T17:43:59.196] [DEBUG] cheese - null
